<?xml version="1.0" encoding="UTF-8"?>
<testng-results skipped="0" failed="0" ignored="0" total="6" passed="6">
  <reporter-output>
  </reporter-output>
  <suite name="Default suite" duration-ms="47" started-at="2019-03-18T02:44:31Z" finished-at="2019-03-18T02:44:31Z">
    <groups>
    </groups>
    <test name="Default test" duration-ms="47" started-at="2019-03-18T02:44:31Z" finished-at="2019-03-18T02:44:31Z">
      <class name="br.carloskafka.planetstarwarscommons.dto.TestesResultadoConsultaPlanetaDTO">
        <test-method status="PASS" signature="dado_um_novo_resultado_consulta_planeta_quando_for_criado_entao_retorna_um_novo()[pri:0, instance:br.carloskafka.planetstarwarscommons.dto.TestesResultadoConsultaPlanetaDTO@4dfa3a9d]" name="dado_um_novo_resultado_consulta_planeta_quando_for_criado_entao_retorna_um_novo" duration-ms="15" started-at="2019-03-18T02:44:31Z" finished-at="2019-03-18T02:44:31Z">
          <reporter-output>
          </reporter-output>
        </test-method> <!-- dado_um_novo_resultado_consulta_planeta_quando_for_criado_entao_retorna_um_novo -->
        <test-method status="PASS" signature="dado_um_novo_resultado_consulta_planeta_quando_for_criado_invalido_entao_retorna_invalido()[pri:0, instance:br.carloskafka.planetstarwarscommons.dto.TestesResultadoConsultaPlanetaDTO@4dfa3a9d]" name="dado_um_novo_resultado_consulta_planeta_quando_for_criado_invalido_entao_retorna_invalido" duration-ms="0" started-at="2019-03-18T02:44:31Z" finished-at="2019-03-18T02:44:31Z">
          <reporter-output>
          </reporter-output>
        </test-method> <!-- dado_um_novo_resultado_consulta_planeta_quando_for_criado_invalido_entao_retorna_invalido -->
      </class> <!-- br.carloskafka.planetstarwarscommons.dto.TestesResultadoConsultaPlanetaDTO -->
      <class name="br.carloskafka.planetstarwarscommons.dto.TestesResultadoEdicaoPlanetaDTO">
        <test-method status="PASS" signature="dado_um_novo_resultado_edicao_planeta_quando_for_criado_invalido_entao_retorna_invalido()[pri:0, instance:br.carloskafka.planetstarwarscommons.dto.TestesResultadoEdicaoPlanetaDTO@6eebc39e]" name="dado_um_novo_resultado_edicao_planeta_quando_for_criado_invalido_entao_retorna_invalido" duration-ms="16" started-at="2019-03-18T02:44:31Z" finished-at="2019-03-18T02:44:31Z">
          <reporter-output>
          </reporter-output>
        </test-method> <!-- dado_um_novo_resultado_edicao_planeta_quando_for_criado_invalido_entao_retorna_invalido -->
        <test-method status="PASS" signature="dado_um_novo_resultado_edicao_planeta_quando_for_criado_entao_retorna_um_novo()[pri:0, instance:br.carloskafka.planetstarwarscommons.dto.TestesResultadoEdicaoPlanetaDTO@6eebc39e]" name="dado_um_novo_resultado_edicao_planeta_quando_for_criado_entao_retorna_um_novo" duration-ms="0" started-at="2019-03-18T02:44:31Z" finished-at="2019-03-18T02:44:31Z">
          <reporter-output>
          </reporter-output>
        </test-method> <!-- dado_um_novo_resultado_edicao_planeta_quando_for_criado_entao_retorna_um_novo -->
      </class> <!-- br.carloskafka.planetstarwarscommons.dto.TestesResultadoEdicaoPlanetaDTO -->
      <class name="br.carloskafka.planetstarwarscommons.dto.TestesPlanetaDTO">
        <test-method status="PASS" signature="dado_um_novo_planetadto_quando_for_criado_entao_retorna_um_novo()[pri:0, instance:br.carloskafka.planetstarwarscommons.dto.TestesPlanetaDTO@464bee09]" name="dado_um_novo_planetadto_quando_for_criado_entao_retorna_um_novo" duration-ms="0" started-at="2019-03-18T02:44:31Z" finished-at="2019-03-18T02:44:31Z">
          <reporter-output>
          </reporter-output>
        </test-method> <!-- dado_um_novo_planetadto_quando_for_criado_entao_retorna_um_novo -->
        <test-method status="PASS" signature="dado_um_novo_planetadto_quando_for_criado_invalido_entao_retorna_invalido()[pri:0, instance:br.carloskafka.planetstarwarscommons.dto.TestesPlanetaDTO@464bee09]" name="dado_um_novo_planetadto_quando_for_criado_invalido_entao_retorna_invalido" duration-ms="0" started-at="2019-03-18T02:44:31Z" finished-at="2019-03-18T02:44:31Z">
          <reporter-output>
          </reporter-output>
        </test-method> <!-- dado_um_novo_planetadto_quando_for_criado_invalido_entao_retorna_invalido -->
      </class> <!-- br.carloskafka.planetstarwarscommons.dto.TestesPlanetaDTO -->
    </test> <!-- Default test -->
  </suite> <!-- Default suite -->
</testng-results>
