<?xml version="1.0" encoding="UTF-8"?>
<testng-results skipped="0" failed="0" ignored="1" total="2" passed="1">
  <reporter-output>
  </reporter-output>
  <suite name="Default suite" duration-ms="66" started-at="2019-03-18T01:31:17Z" finished-at="2019-03-18T01:31:18Z">
    <groups>
    </groups>
    <test name="Default test" duration-ms="66" started-at="2019-03-18T01:31:17Z" finished-at="2019-03-18T01:31:18Z">
      <class name="br.carloskafka.planetstarwarscommons.dto.TestesPlanetaDTO">
        <test-method status="PASS" signature="dado_um_novo_planetadto_quando_for_criado_invalido_entao_retorna_invalido()[pri:0, instance:br.carloskafka.planetstarwarscommons.dto.TestesPlanetaDTO@6093dd95]" name="dado_um_novo_planetadto_quando_for_criado_invalido_entao_retorna_invalido" duration-ms="13" started-at="2019-03-18T01:31:18Z" finished-at="2019-03-18T01:31:18Z">
          <reporter-output>
          </reporter-output>
        </test-method> <!-- dado_um_novo_planetadto_quando_for_criado_invalido_entao_retorna_invalido -->
      </class> <!-- br.carloskafka.planetstarwarscommons.dto.TestesPlanetaDTO -->
    </test> <!-- Default test -->
  </suite> <!-- Default suite -->
</testng-results>
