<?xml version="1.0" encoding="UTF-8"?>
<!-- Generated by org.testng.reporters.JUnitXMLReporter -->
<testsuite hostname="DESKTOP-LBNBJ24" ignored="0" name="Default test" tests="3" failures="0" timestamp="18 mar 2019 03:59:55 GMT" time="0.031" errors="0">
  <testcase name="dado_uma_fabrica_planeta_quando_converter_um_planeta_dominio_para_planeta_dto_entao_retorna_um_planeta_dto" time="0.016" classname="br.carloskafka.planetstarwars.fabricas.TestesFabricaPlaneta"/>
  <testcase name="dado_uma_fabrica_planeta_quando_converter_um_planeta_dto_para_planeta_dominio_entao_retorna_um_planeta_dominio" time="0.0" classname="br.carloskafka.planetstarwars.fabricas.TestesFabricaPlaneta"/>
  <testcase name="dado_uma_fabrica_planeta_quando_converter_varios_planetas_dominio_para_varios_planetas_dto_entao_retorna_varios_planeta_dto" time="0.0" classname="br.carloskafka.planetstarwars.fabricas.TestesFabricaPlaneta"/>
</testsuite> <!-- Default test -->
