<?xml version="1.0" encoding="UTF-8"?>
<!-- Generated by org.testng.reporters.JUnitXMLReporter -->
<testsuite hostname="DESKTOP-LBNBJ24" ignored="3" name="Default test" tests="1" failures="0" timestamp="18 mar 2019 03:24:10 GMT" time="0.047" errors="0">
  <testcase name="dado_um_planeta_quando_for_validar_se_um_planeta_e_igual_ao_outro_planeta_entao_retorna_verdadeiro" time="0.0" classname="br.carloskafka.planetstarwars.dominio.TestesPlaneta"/>
  <testcase name="dado_um_planeta_quando_for_validar_um_novo_planeta_entao_retorna_um_novo_planeta_valido" time="0.0" classname="br.carloskafka.planetstarwars.dominio.TestesPlaneta">
    <ignored/>
  </testcase> <!-- dado_um_planeta_quando_for_validar_um_novo_planeta_entao_retorna_um_novo_planeta_valido -->
  <testcase name="dado_um_planeta_quando_for_validar_um_novo_planeta_invalido_entao_retorna_um_novo_planeta_invalido" time="0.0" classname="br.carloskafka.planetstarwars.dominio.TestesPlaneta">
    <ignored/>
  </testcase> <!-- dado_um_planeta_quando_for_validar_um_novo_planeta_invalido_entao_retorna_um_novo_planeta_invalido -->
  <testcase name="dado_um_planeta_quando_for_criado_um_novo_planeta_entao_retorna_um_novo_planeta" time="0.0" classname="br.carloskafka.planetstarwars.dominio.TestesPlaneta">
    <ignored/>
  </testcase> <!-- dado_um_planeta_quando_for_criado_um_novo_planeta_entao_retorna_um_novo_planeta -->
</testsuite> <!-- Default test -->
