<?xml version="1.0" encoding="UTF-8"?>
<!-- Generated by org.testng.reporters.JUnitXMLReporter -->
<testsuite hostname="DESKTOP-LBNBJ24" ignored="0" name="Default test" tests="6" failures="0" timestamp="18 mar 2019 02:44:31 GMT" time="0.047" errors="0">
  <testcase name="dado_um_novo_resultado_consulta_planeta_quando_for_criado_entao_retorna_um_novo" time="0.015" classname="br.carloskafka.planetstarwarscommons.dto.TestesResultadoConsultaPlanetaDTO"/>
  <testcase name="dado_um_novo_resultado_consulta_planeta_quando_for_criado_invalido_entao_retorna_invalido" time="0.0" classname="br.carloskafka.planetstarwarscommons.dto.TestesResultadoConsultaPlanetaDTO"/>
  <testcase name="dado_um_novo_resultado_edicao_planeta_quando_for_criado_entao_retorna_um_novo" time="0.0" classname="br.carloskafka.planetstarwarscommons.dto.TestesResultadoEdicaoPlanetaDTO"/>
  <testcase name="dado_um_novo_resultado_edicao_planeta_quando_for_criado_invalido_entao_retorna_invalido" time="0.016" classname="br.carloskafka.planetstarwarscommons.dto.TestesResultadoEdicaoPlanetaDTO"/>
  <testcase name="dado_um_novo_planetadto_quando_for_criado_entao_retorna_um_novo" time="0.0" classname="br.carloskafka.planetstarwarscommons.dto.TestesPlanetaDTO"/>
  <testcase name="dado_um_novo_planetadto_quando_for_criado_invalido_entao_retorna_invalido" time="0.0" classname="br.carloskafka.planetstarwarscommons.dto.TestesPlanetaDTO"/>
</testsuite> <!-- Default test -->
