<?xml version="1.0" encoding="UTF-8"?>
<testng-results skipped="0" failed="0" ignored="3" total="4" passed="1">
  <reporter-output>
  </reporter-output>
  <suite name="Default suite" duration-ms="47" started-at="2019-03-18T03:24:10Z" finished-at="2019-03-18T03:24:10Z">
    <groups>
    </groups>
    <test name="Default test" duration-ms="47" started-at="2019-03-18T03:24:10Z" finished-at="2019-03-18T03:24:10Z">
      <class name="br.carloskafka.planetstarwars.dominio.TestesPlaneta">
        <test-method status="PASS" signature="dado_um_planeta_quando_for_validar_se_um_planeta_e_igual_ao_outro_planeta_entao_retorna_verdadeiro()[pri:0, instance:br.carloskafka.planetstarwars.dominio.TestesPlaneta@731a74c]" name="dado_um_planeta_quando_for_validar_se_um_planeta_e_igual_ao_outro_planeta_entao_retorna_verdadeiro" duration-ms="0" started-at="2019-03-18T03:24:10Z" finished-at="2019-03-18T03:24:10Z">
          <reporter-output>
          </reporter-output>
        </test-method> <!-- dado_um_planeta_quando_for_validar_se_um_planeta_e_igual_ao_outro_planeta_entao_retorna_verdadeiro -->
      </class> <!-- br.carloskafka.planetstarwars.dominio.TestesPlaneta -->
    </test> <!-- Default test -->
  </suite> <!-- Default suite -->
</testng-results>
